#! /c/Source/iverilog-install/bin/vvp
:ivl_version "12.0 (devel)" "(s20150603-1539-g2693dd32b)";
:ivl_delay_selection "TYPICAL";
:vpi_time_precision + 0;
:vpi_module "C:\iverilog\lib\ivl\system.vpi";
:vpi_module "C:\iverilog\lib\ivl\vhdl_sys.vpi";
:vpi_module "C:\iverilog\lib\ivl\vhdl_textio.vpi";
:vpi_module "C:\iverilog\lib\ivl\v2005_math.vpi";
:vpi_module "C:\iverilog\lib\ivl\va_math.vpi";
S_000001e63ec7a4f0 .scope module, "multiplicacao_num_matriz" "multiplicacao_num_matriz" 2 1;
 .timescale 0 0;
    .port_info 0 /INPUT 1 "clk";
    .port_info 1 /INPUT 1 "rst";
    .port_info 2 /INPUT 200 "matriz_A";
    .port_info 3 /INPUT 8 "num_inteiro";
    .port_info 4 /OUTPUT 200 "nova_matriz_A";
o000001e63eb78fb8 .functor BUFZ 1, C4<z>; HiZ drive
v000001e63eb43320_0 .net "clk", 0 0, o000001e63eb78fb8;  0 drivers
v000001e63eb43540_0 .var/i "i", 31 0;
o000001e63eb79018 .functor BUFZ 200, C4<zzzzzzzzzzzzzzzzzzzzzzzzzzzzzzzzzzzzzzzzzzzzzzzzzzzzzzzzzzzzzzzzzzzzzzzzzzzzzzzzzzzzzzzzzzzzzzzzzzzzzzzzzzzzzzzzzzzzzzzzzzzzzzzzzzzzzzzzzzzzzzzzzzzzzzzzzzzzzzzzzzzzzzzzzzzzzzzzzzzzzzzzzzzzzzzzzzzzzzzz>; HiZ drive
v000001e63ec7a680_0 .net/s "matriz_A", 199 0, o000001e63eb79018;  0 drivers
v000001e63ec7a720 .array/s "matriz_multiplicada", 0 24, 7 0;
v000001e63ebbf830 .array/s "matriz_original", 0 24, 7 0;
v000001e63ebbf8d0_0 .var/s "nova_matriz_A", 199 0;
o000001e63eb79078 .functor BUFZ 8, C4<zzzzzzzz>; HiZ drive
v000001e63ebbf970_0 .net/s "num_inteiro", 7 0, o000001e63eb79078;  0 drivers
o000001e63eb790a8 .functor BUFZ 1, C4<z>; HiZ drive
v000001e63ebbfa10_0 .net "rst", 0 0, o000001e63eb790a8;  0 drivers
E_000001e63ec784c0 .event posedge, v000001e63ebbfa10_0, v000001e63eb43320_0;
    .scope S_000001e63ec7a4f0;
T_0 ;
    %wait E_000001e63ec784c0;
    %load/vec4 v000001e63ebbfa10_0;
    %flag_set/vec4 8;
    %jmp/0xz  T_0.0, 8;
    %pushi/vec4 0, 0, 32;
    %store/vec4 v000001e63eb43540_0, 0, 32;
T_0.2 ;
    %load/vec4 v000001e63eb43540_0;
    %cmpi/s 25, 0, 32;
    %jmp/0xz T_0.3, 5;
    %pushi/vec4 0, 0, 8;
    %ix/getv/s 4, v000001e63eb43540_0;
    %store/vec4a v000001e63ebbf830, 4, 0;
    %pushi/vec4 0, 0, 8;
    %ix/getv/s 4, v000001e63eb43540_0;
    %store/vec4a v000001e63ec7a720, 4, 0;
    %load/vec4 v000001e63eb43540_0;
    %addi 1, 0, 32;
    %store/vec4 v000001e63eb43540_0, 0, 32;
    %jmp T_0.2;
T_0.3 ;
    %pushi/vec4 0, 0, 200;
    %store/vec4 v000001e63ebbf8d0_0, 0, 200;
    %jmp T_0.1;
T_0.0 ;
    %pushi/vec4 0, 0, 32;
    %store/vec4 v000001e63eb43540_0, 0, 32;
T_0.4 ;
    %load/vec4 v000001e63eb43540_0;
    %cmpi/s 25, 0, 32;
    %jmp/0xz T_0.5, 5;
    %load/vec4 v000001e63ec7a680_0;
    %load/vec4 v000001e63eb43540_0;
    %muli 8, 0, 32;
    %part/s 8;
    %ix/getv/s 4, v000001e63eb43540_0;
    %store/vec4a v000001e63ebbf830, 4, 0;
    %load/vec4 v000001e63eb43540_0;
    %addi 1, 0, 32;
    %store/vec4 v000001e63eb43540_0, 0, 32;
    %jmp T_0.4;
T_0.5 ;
    %pushi/vec4 0, 0, 32;
    %store/vec4 v000001e63eb43540_0, 0, 32;
T_0.6 ;
    %load/vec4 v000001e63eb43540_0;
    %cmpi/s 25, 0, 32;
    %jmp/0xz T_0.7, 5;
    %load/vec4 v000001e63ebbf970_0;
    %ix/getv/s 4, v000001e63eb43540_0;
    %load/vec4a v000001e63ebbf830, 4;
    %mul;
    %ix/getv/s 4, v000001e63eb43540_0;
    %store/vec4a v000001e63ec7a720, 4, 0;
    %load/vec4 v000001e63eb43540_0;
    %addi 1, 0, 32;
    %store/vec4 v000001e63eb43540_0, 0, 32;
    %jmp T_0.6;
T_0.7 ;
    %pushi/vec4 0, 0, 32;
    %store/vec4 v000001e63eb43540_0, 0, 32;
T_0.8 ;
    %load/vec4 v000001e63eb43540_0;
    %cmpi/s 25, 0, 32;
    %jmp/0xz T_0.9, 5;
    %ix/getv/s 4, v000001e63eb43540_0;
    %load/vec4a v000001e63ec7a720, 4;
    %load/vec4 v000001e63eb43540_0;
    %muli 8, 0, 32;
    %ix/vec4/s 4;
    %store/vec4 v000001e63ebbf8d0_0, 4, 8;
    %load/vec4 v000001e63eb43540_0;
    %addi 1, 0, 32;
    %store/vec4 v000001e63eb43540_0, 0, 32;
    %jmp T_0.8;
T_0.9 ;
T_0.1 ;
    %jmp T_0;
    .thread T_0;
# The file index is used to find the file name in the following table.
:file_names 3;
    "N/A";
    "<interactive>";
    ".\multiplicacao_num_matriz.v";
